mode: set
/Users/sheldonhampton/dank/secretsanta/main.go:23.39,28.2 4 1
/Users/sheldonhampton/dank/secretsanta/main.go:30.42,34.20 3 1
/Users/sheldonhampton/dank/secretsanta/main.go:43.2,43.12 1 1
/Users/sheldonhampton/dank/secretsanta/main.go:34.20,41.3 5 1
/Users/sheldonhampton/dank/secretsanta/main.go:46.60,50.20 3 1
/Users/sheldonhampton/dank/secretsanta/main.go:59.2,59.12 1 1
/Users/sheldonhampton/dank/secretsanta/main.go:50.20,52.19 2 1
/Users/sheldonhampton/dank/secretsanta/main.go:55.3,56.13 2 1
/Users/sheldonhampton/dank/secretsanta/main.go:52.19,54.4 1 1
/Users/sheldonhampton/dank/secretsanta/main.go:62.55,63.19 1 1
/Users/sheldonhampton/dank/secretsanta/main.go:67.2,67.26 1 1
/Users/sheldonhampton/dank/secretsanta/main.go:74.2,75.23 2 1
/Users/sheldonhampton/dank/secretsanta/main.go:85.2,85.12 1 1
/Users/sheldonhampton/dank/secretsanta/main.go:63.19,65.3 1 1
/Users/sheldonhampton/dank/secretsanta/main.go:67.26,72.3 4 1
/Users/sheldonhampton/dank/secretsanta/main.go:75.23,76.30 1 1
/Users/sheldonhampton/dank/secretsanta/main.go:82.3,82.19 1 1
/Users/sheldonhampton/dank/secretsanta/main.go:76.30,81.4 4 1
/Users/sheldonhampton/dank/secretsanta/main.go:88.65,90.29 2 0
/Users/sheldonhampton/dank/secretsanta/main.go:90.29,95.15 4 0
/Users/sheldonhampton/dank/secretsanta/main.go:99.3,99.15 1 0
/Users/sheldonhampton/dank/secretsanta/main.go:95.15,96.12 1 0
/Users/sheldonhampton/dank/secretsanta/main.go:103.13,109.16 5 0
/Users/sheldonhampton/dank/secretsanta/main.go:118.2,125.29 6 0
/Users/sheldonhampton/dank/secretsanta/main.go:130.2,130.12 1 0
/Users/sheldonhampton/dank/secretsanta/main.go:134.2,136.12 2 0
/Users/sheldonhampton/dank/secretsanta/main.go:140.2,142.12 2 0
/Users/sheldonhampton/dank/secretsanta/main.go:146.2,147.16 2 0
/Users/sheldonhampton/dank/secretsanta/main.go:152.2,152.22 1 0
/Users/sheldonhampton/dank/secretsanta/main.go:109.16,111.29 2 0
/Users/sheldonhampton/dank/secretsanta/main.go:114.3,115.9 2 0
/Users/sheldonhampton/dank/secretsanta/main.go:111.29,113.4 1 0
/Users/sheldonhampton/dank/secretsanta/main.go:125.29,128.3 2 0
/Users/sheldonhampton/dank/secretsanta/main.go:130.12,132.3 1 0
/Users/sheldonhampton/dank/secretsanta/main.go:136.12,138.3 1 0
/Users/sheldonhampton/dank/secretsanta/main.go:142.12,144.3 1 0
/Users/sheldonhampton/dank/secretsanta/main.go:147.16,150.3 2 0
